<?xml version="1.0" encoding="UTF-8"?>
<Site BuildName="(empty)"
	BuildStamp="20250626-2215-Experimental"
	Name="(empty)"
	Generator="ctest-3.13.4"
	CompilerName=""
	CompilerVersion=""
	OSName="Linux"
	Hostname="kitt"
	OSRelease="4.19.0-10-amd64"
	OSVersion="#1 SMP Debian 4.19.132-1 (2020-07-24)"
	OSPlatform="x86_64"
	Is64Bits="1"
	VendorString="GenuineIntel"
	VendorID="Intel Corporation"
	FamilyID="6"
	ModelID="85"
	ProcessorCacheSize="39424"
	NumberOfLogicalCPU="112"
	NumberOfPhysicalCPU="56"
	TotalVirtualMemory="261591"
	TotalPhysicalMemory="257564"
	LogicalProcessorsPerPhysical="2"
	ProcessorClockFrequency="1083.82"
	>
	<Testing>
		<StartDateTime>Jun 27 01:18 CEST</StartDateTime>
		<StartTestTime>1750979896</StartTestTime>
		<TestList/>
		<EndDateTime>Jun 27 01:18 CEST</EndDateTime>
		<EndTestTime>1750979896</EndTestTime>
		<ElapsedMinutes>0</ElapsedMinutes>
	</Testing>
</Site>
